<?xml version="1.0" encoding="utf-8"?><testsuites><testsuite name="pytest" errors="0" failures="1" skipped="0" tests="1" time="10.759" timestamp="2024-06-14T15:48:57.153827" hostname="RCLKP294"><testcase classname="tests.test_amazon1" name="test_get_started_link[chromium]" time="10.722"><failure message="AssertionError: Locator expected to be visible&#10;Actual value: &lt;element(s) not found&gt; &#10;Call log:&#10;LocatorAssertions.to_be_visible with timeout 5000ms&#10;  - waiting for get_by_role(&quot;link&quot;, name=&quot;Amazon Basics1 &quot;)">page = &lt;Page url='https://www.amazon.de/'&gt;

    @pytest.mark.UI
    @pytest.mark.test1
    def test_get_started_link(page:Page):
    
        #deneme = "css=[type='submit']"
    
        # Expects page to have a heading with the name of installation
        page.wait_for_timeout(1000)
        expect(page.locator(Amazon_MainPage.AMAZON_LOGO)).to_be_visible()
        expect(page.locator(Amazon_MainPage.SEARCH_BOX)).to_be_visible()
&gt;       expect(page.get_by_role("link", name="Amazon Basics1 ")).to_be_visible()
E       AssertionError: Locator expected to be visible
E       Actual value: &lt;element(s) not found&gt; 
E       Call log:
E       LocatorAssertions.to_be_visible with timeout 5000ms
E         - waiting for get_by_role("link", name="Amazon Basics1 ")

tests\test_amazon1.py:19: AssertionError</failure></testcase></testsuite></testsuites>