<?xml version="1.0" encoding="utf-8"?><testsuites><testsuite name="pytest" errors="0" failures="0" skipped="0" tests="3" time="13.628" timestamp="2024-06-20T11:07:26.640180" hostname="RCLKP294"><testcase classname="tests.test_amazon1" name="test_loginWithParametrize[chromium-123456789]" time="5.052" /><testcase classname="tests.test_amazon1" name="test_loginWithParametrize[chromium-acb.lou@gmail.com]" time="4.209" /><testcase classname="tests.test_amazon1" name="test_loginWithParametrize[chromium-6536533653]" time="4.338" /></testsuite></testsuites>